2022-06-22: Mikaela Hinton;CREATE_PERSON: Apfel apfel;
2022-06-22: Mikaela Hinton;CHANGE_VALUE: Genesis Patrick;
2022-06-22: Mikaela Hinton;CHANGE_VALUE: Genesis Patrick;
2022-06-22: Mikaela Hinton;CHANGE_VALUE: Genesis Patrick;
2022-06-22: Mikaela Hinton;CHANGE_VALUE: Genesis Patrick;
2022-06-22: Lorenzo Giuntini;CHANGE_VALUE: Kivi Miki;
2022-06-22: Mikaela Hinton;CREATE_PERSON: Apfel apfel;
2022-06-22: Mikaela Hinton;CHANGE_VALUE: Genesis Patrick;
2022-06-22: Mikaela Hinton;CHANGE_VALUE: Genesis Patrick;
2022-06-22: Mikaela Hinton;CHANGE_VALUE: Genesis Patrick;
2022-06-22: Mikaela Hinton;CHANGE_VALUE: Genesis Patrick;
2022-06-22: Lorenzo Giuntini;CHANGE_VALUE: Kivi Miki;
2022-06-22: Lorenzo Giuntini;DELETE_PERSON: Test Test3;
2022-06-22: Lorenzo Giuntini;DELETE_PERSON: Mikaela Hinton;
2022-06-22: Lorenzo Giuntini;DELETE_PERSON: AManam asd;
2022-06-22: Lorenzo Giuntini;DELETE_PERSON: Hosenlos uhj;
2022-06-22: Lorenzo Giuntini;DELETE_PERSON: Apfel apfel;
2022-06-22: Lorenzo Giuntini;DELETE_PERSON: apfel ohne;
2022-06-22: Lorenzo Giuntini;DELETE_PERSON: Max Mustermann;
2022-06-22: Lorenzo Giuntini;DELETE_PERSON: Lorenzo Giuntini;
2022-06-22: Lorenzo Giuntini;CREATE_PERSON: Admin Admin;
